  MyForm.cpp
D:\Users\Admin\Desktop\C++\SatisfactoryCalculator\SatisfactoryCalculator\MyForm.h(3913,1): warning C4965: неявная упаковка целого числа 0; используйте nullptr или явное приведение типов
D:\Users\Admin\Desktop\C++\SatisfactoryCalculator\SatisfactoryCalculator\MyForm.h(3925,1): warning C4965: неявная упаковка целого числа 0; используйте nullptr или явное приведение типов
D:\Users\Admin\Desktop\C++\SatisfactoryCalculator\SatisfactoryCalculator\MyForm.h(3937,1): warning C4965: неявная упаковка целого числа 0; используйте nullptr или явное приведение типов
D:\Users\Admin\Desktop\C++\SatisfactoryCalculator\SatisfactoryCalculator\MyForm.h(3949,1): warning C4965: неявная упаковка целого числа 0; используйте nullptr или явное приведение типов
D:\Users\Admin\Desktop\C++\SatisfactoryCalculator\SatisfactoryCalculator\MyForm.h(3961,1): warning C4965: неявная упаковка целого числа 0; используйте nullptr или явное приведение типов
D:\Users\Admin\Desktop\C++\SatisfactoryCalculator\SatisfactoryCalculator\MyForm.h(3973,1): warning C4965: неявная упаковка целого числа 0; используйте nullptr или явное приведение типов
D:\Users\Admin\Desktop\C++\SatisfactoryCalculator\SatisfactoryCalculator\MyForm.h(3985,1): warning C4965: неявная упаковка целого числа 0; используйте nullptr или явное приведение типов
D:\Users\Admin\Desktop\C++\SatisfactoryCalculator\SatisfactoryCalculator\MyForm.h(3997,1): warning C4965: неявная упаковка целого числа 0; используйте nullptr или явное приведение типов
D:\Users\Admin\Desktop\C++\SatisfactoryCalculator\SatisfactoryCalculator\MyForm.h(4009,1): warning C4965: неявная упаковка целого числа 0; используйте nullptr или явное приведение типов
D:\Users\Admin\Desktop\C++\SatisfactoryCalculator\SatisfactoryCalculator\MyForm.h(4021,1): warning C4965: неявная упаковка целого числа 0; используйте nullptr или явное приведение типов
D:\Users\Admin\Desktop\C++\SatisfactoryCalculator\SatisfactoryCalculator\MyForm.h(4033,1): warning C4965: неявная упаковка целого числа 0; используйте nullptr или явное приведение типов
D:\Users\Admin\Desktop\C++\SatisfactoryCalculator\SatisfactoryCalculator\MyForm.h(4045,1): warning C4965: неявная упаковка целого числа 0; используйте nullptr или явное приведение типов
D:\Users\Admin\Desktop\C++\SatisfactoryCalculator\SatisfactoryCalculator\MyForm.h(4057,1): warning C4965: неявная упаковка целого числа 0; используйте nullptr или явное приведение типов
D:\Users\Admin\Desktop\C++\SatisfactoryCalculator\SatisfactoryCalculator\MyForm.h(4069,1): warning C4965: неявная упаковка целого числа 0; используйте nullptr или явное приведение типов
D:\Users\Admin\Desktop\C++\SatisfactoryCalculator\SatisfactoryCalculator\MyForm.h(4081,1): warning C4965: неявная упаковка целого числа 0; используйте nullptr или явное приведение типов
D:\Users\Admin\Desktop\C++\SatisfactoryCalculator\SatisfactoryCalculator\MyForm.h(4093,1): warning C4965: неявная упаковка целого числа 0; используйте nullptr или явное приведение типов
D:\Users\Admin\Desktop\C++\SatisfactoryCalculator\SatisfactoryCalculator\MyForm.h(4105,1): warning C4965: неявная упаковка целого числа 0; используйте nullptr или явное приведение типов
D:\Users\Admin\Desktop\C++\SatisfactoryCalculator\SatisfactoryCalculator\MyForm.h(4117,1): warning C4965: неявная упаковка целого числа 0; используйте nullptr или явное приведение типов
D:\Users\Admin\Desktop\C++\SatisfactoryCalculator\SatisfactoryCalculator\MyForm.h(4129,1): warning C4965: неявная упаковка целого числа 0; используйте nullptr или явное приведение типов
D:\Users\Admin\Desktop\C++\SatisfactoryCalculator\SatisfactoryCalculator\MyForm.h(4141,1): warning C4965: неявная упаковка целого числа 0; используйте nullptr или явное приведение типов
D:\Users\Admin\Desktop\C++\SatisfactoryCalculator\SatisfactoryCalculator\MyForm.h(4153,1): warning C4965: неявная упаковка целого числа 0; используйте nullptr или явное приведение типов
D:\Users\Admin\Desktop\C++\SatisfactoryCalculator\SatisfactoryCalculator\MyForm.h(4165,1): warning C4965: неявная упаковка целого числа 0; используйте nullptr или явное приведение типов
D:\Users\Admin\Desktop\C++\SatisfactoryCalculator\SatisfactoryCalculator\MyForm.h(4177,1): warning C4965: неявная упаковка целого числа 0; используйте nullptr или явное приведение типов
D:\Users\Admin\Desktop\C++\SatisfactoryCalculator\SatisfactoryCalculator\MyForm.h(4189,1): warning C4965: неявная упаковка целого числа 0; используйте nullptr или явное приведение типов
D:\Users\Admin\Desktop\C++\SatisfactoryCalculator\SatisfactoryCalculator\MyForm.h(4201,1): warning C4965: неявная упаковка целого числа 0; используйте nullptr или явное приведение типов
D:\Users\Admin\Desktop\C++\SatisfactoryCalculator\SatisfactoryCalculator\MyForm.h(4213,1): warning C4965: неявная упаковка целого числа 0; используйте nullptr или явное приведение типов
D:\Users\Admin\Desktop\C++\SatisfactoryCalculator\SatisfactoryCalculator\MyForm.h(4225,1): warning C4965: неявная упаковка целого числа 0; используйте nullptr или явное приведение типов
D:\Users\Admin\Desktop\C++\SatisfactoryCalculator\SatisfactoryCalculator\MyForm.h(4237,1): warning C4965: неявная упаковка целого числа 0; используйте nullptr или явное приведение типов
D:\Users\Admin\Desktop\C++\SatisfactoryCalculator\SatisfactoryCalculator\MyForm.h(4249,1): warning C4965: неявная упаковка целого числа 0; используйте nullptr или явное приведение типов
D:\Users\Admin\Desktop\C++\SatisfactoryCalculator\SatisfactoryCalculator\MyForm.h(4261,1): warning C4965: неявная упаковка целого числа 0; используйте nullptr или явное приведение типов
D:\Users\Admin\Desktop\C++\SatisfactoryCalculator\SatisfactoryCalculator\MyForm.h(4273,1): warning C4965: неявная упаковка целого числа 0; используйте nullptr или явное приведение типов
D:\Users\Admin\Desktop\C++\SatisfactoryCalculator\SatisfactoryCalculator\MyForm.h(4285,1): warning C4965: неявная упаковка целого числа 0; используйте nullptr или явное приведение типов
D:\Users\Admin\Desktop\C++\SatisfactoryCalculator\SatisfactoryCalculator\MyForm.h(4297,1): warning C4965: неявная упаковка целого числа 0; используйте nullptr или явное приведение типов
D:\Users\Admin\Desktop\C++\SatisfactoryCalculator\SatisfactoryCalculator\MyForm.h(4309,1): warning C4965: неявная упаковка целого числа 0; используйте nullptr или явное приведение типов
D:\Users\Admin\Desktop\C++\SatisfactoryCalculator\SatisfactoryCalculator\MyForm.h(4321,1): warning C4965: неявная упаковка целого числа 0; используйте nullptr или явное приведение типов
D:\Users\Admin\Desktop\C++\SatisfactoryCalculator\SatisfactoryCalculator\MyForm.h(4333,1): warning C4965: неявная упаковка целого числа 0; используйте nullptr или явное приведение типов
D:\Users\Admin\Desktop\C++\SatisfactoryCalculator\SatisfactoryCalculator\MyForm.h(4345,1): warning C4965: неявная упаковка целого числа 0; используйте nullptr или явное приведение типов
D:\Users\Admin\Desktop\C++\SatisfactoryCalculator\SatisfactoryCalculator\MyForm.h(4357,1): warning C4965: неявная упаковка целого числа 0; используйте nullptr или явное приведение типов
D:\Users\Admin\Desktop\C++\SatisfactoryCalculator\SatisfactoryCalculator\MyForm.h(4369,1): warning C4965: неявная упаковка целого числа 0; используйте nullptr или явное приведение типов
D:\Users\Admin\Desktop\C++\SatisfactoryCalculator\SatisfactoryCalculator\MyForm.h(4381,1): warning C4965: неявная упаковка целого числа 0; используйте nullptr или явное приведение типов
D:\Users\Admin\Desktop\C++\SatisfactoryCalculator\SatisfactoryCalculator\MyForm.h(4393,1): warning C4965: неявная упаковка целого числа 0; используйте nullptr или явное приведение типов
D:\Users\Admin\Desktop\C++\SatisfactoryCalculator\SatisfactoryCalculator\MyForm.h(4411,1): warning C4965: неявная упаковка целого числа 0; используйте nullptr или явное приведение типов
D:\Users\Admin\Desktop\C++\SatisfactoryCalculator\SatisfactoryCalculator\MyForm.h(4423,1): warning C4965: неявная упаковка целого числа 0; используйте nullptr или явное приведение типов
D:\Users\Admin\Desktop\C++\SatisfactoryCalculator\SatisfactoryCalculator\MyForm.h(4435,1): warning C4965: неявная упаковка целого числа 0; используйте nullptr или явное приведение типов
D:\Users\Admin\Desktop\C++\SatisfactoryCalculator\SatisfactoryCalculator\MyForm.h(4447,1): warning C4965: неявная упаковка целого числа 0; используйте nullptr или явное приведение типов
D:\Users\Admin\Desktop\C++\SatisfactoryCalculator\SatisfactoryCalculator\MyForm.h(4459,1): warning C4965: неявная упаковка целого числа 0; используйте nullptr или явное приведение типов
D:\Users\Admin\Desktop\C++\SatisfactoryCalculator\SatisfactoryCalculator\MyForm.h(4471,1): warning C4965: неявная упаковка целого числа 0; используйте nullptr или явное приведение типов
D:\Users\Admin\Desktop\C++\SatisfactoryCalculator\SatisfactoryCalculator\MyForm.h(4483,1): warning C4965: неявная упаковка целого числа 0; используйте nullptr или явное приведение типов
D:\Users\Admin\Desktop\C++\SatisfactoryCalculator\SatisfactoryCalculator\MyForm.h(4495,1): warning C4965: неявная упаковка целого числа 0; используйте nullptr или явное приведение типов
D:\Users\Admin\Desktop\C++\SatisfactoryCalculator\SatisfactoryCalculator\MyForm.h(4507,1): warning C4965: неявная упаковка целого числа 0; используйте nullptr или явное приведение типов
D:\Users\Admin\Desktop\C++\SatisfactoryCalculator\SatisfactoryCalculator\MyForm.h(4519,1): warning C4965: неявная упаковка целого числа 0; используйте nullptr или явное приведение типов
D:\Users\Admin\Desktop\C++\SatisfactoryCalculator\SatisfactoryCalculator\MyForm.h(4531,1): warning C4965: неявная упаковка целого числа 0; используйте nullptr или явное приведение типов
D:\Users\Admin\Desktop\C++\SatisfactoryCalculator\SatisfactoryCalculator\MyForm.h(4543,1): warning C4965: неявная упаковка целого числа 0; используйте nullptr или явное приведение типов
D:\Users\Admin\Desktop\C++\SatisfactoryCalculator\SatisfactoryCalculator\MyForm.h(4555,1): warning C4965: неявная упаковка целого числа 0; используйте nullptr или явное приведение типов
D:\Users\Admin\Desktop\C++\SatisfactoryCalculator\SatisfactoryCalculator\MyForm.h(4567,1): warning C4965: неявная упаковка целого числа 0; используйте nullptr или явное приведение типов
D:\Users\Admin\Desktop\C++\SatisfactoryCalculator\SatisfactoryCalculator\MyForm.h(4579,1): warning C4965: неявная упаковка целого числа 0; используйте nullptr или явное приведение типов
D:\Users\Admin\Desktop\C++\SatisfactoryCalculator\SatisfactoryCalculator\MyForm.h(4591,1): warning C4965: неявная упаковка целого числа 0; используйте nullptr или явное приведение типов
D:\Users\Admin\Desktop\C++\SatisfactoryCalculator\SatisfactoryCalculator\MyForm.h(4603,1): warning C4965: неявная упаковка целого числа 0; используйте nullptr или явное приведение типов
D:\Users\Admin\Desktop\C++\SatisfactoryCalculator\SatisfactoryCalculator\MyForm.h(4615,1): warning C4965: неявная упаковка целого числа 0; используйте nullptr или явное приведение типов
D:\Users\Admin\Desktop\C++\SatisfactoryCalculator\SatisfactoryCalculator\MyForm.h(4627,1): warning C4965: неявная упаковка целого числа 0; используйте nullptr или явное приведение типов
D:\Users\Admin\Desktop\C++\SatisfactoryCalculator\SatisfactoryCalculator\MyForm.h(4639,1): warning C4965: неявная упаковка целого числа 0; используйте nullptr или явное приведение типов
D:\Users\Admin\Desktop\C++\SatisfactoryCalculator\SatisfactoryCalculator\MyForm.h(4651,1): warning C4965: неявная упаковка целого числа 0; используйте nullptr или явное приведение типов
D:\Users\Admin\Desktop\C++\SatisfactoryCalculator\SatisfactoryCalculator\MyForm.h(4663,1): warning C4965: неявная упаковка целого числа 0; используйте nullptr или явное приведение типов
D:\Users\Admin\Desktop\C++\SatisfactoryCalculator\SatisfactoryCalculator\MyForm.h(4675,1): warning C4965: неявная упаковка целого числа 0; используйте nullptr или явное приведение типов
D:\Users\Admin\Desktop\C++\SatisfactoryCalculator\SatisfactoryCalculator\MyForm.h(4687,1): warning C4965: неявная упаковка целого числа 0; используйте nullptr или явное приведение типов
D:\Users\Admin\Desktop\C++\SatisfactoryCalculator\SatisfactoryCalculator\MyForm.h(4699,1): warning C4965: неявная упаковка целого числа 0; используйте nullptr или явное приведение типов
D:\Users\Admin\Desktop\C++\SatisfactoryCalculator\SatisfactoryCalculator\MyForm.h(4711,1): warning C4965: неявная упаковка целого числа 0; используйте nullptr или явное приведение типов
D:\Users\Admin\Desktop\C++\SatisfactoryCalculator\SatisfactoryCalculator\MyForm.h(4723,1): warning C4965: неявная упаковка целого числа 0; используйте nullptr или явное приведение типов
D:\Users\Admin\Desktop\C++\SatisfactoryCalculator\SatisfactoryCalculator\MyForm.h(4735,1): warning C4965: неявная упаковка целого числа 0; используйте nullptr или явное приведение типов
D:\Users\Admin\Desktop\C++\SatisfactoryCalculator\SatisfactoryCalculator\MyForm.h(4747,1): warning C4965: неявная упаковка целого числа 0; используйте nullptr или явное приведение типов
D:\Users\Admin\Desktop\C++\SatisfactoryCalculator\SatisfactoryCalculator\MyForm.h(4759,1): warning C4965: неявная упаковка целого числа 0; используйте nullptr или явное приведение типов
D:\Users\Admin\Desktop\C++\SatisfactoryCalculator\SatisfactoryCalculator\MyForm.h(4771,1): warning C4965: неявная упаковка целого числа 0; используйте nullptr или явное приведение типов
D:\Users\Admin\Desktop\C++\SatisfactoryCalculator\SatisfactoryCalculator\MyForm.h(4783,1): warning C4965: неявная упаковка целого числа 0; используйте nullptr или явное приведение типов
D:\Users\Admin\Desktop\C++\SatisfactoryCalculator\SatisfactoryCalculator\MyForm.h(4795,1): warning C4965: неявная упаковка целого числа 0; используйте nullptr или явное приведение типов
D:\Users\Admin\Desktop\C++\SatisfactoryCalculator\SatisfactoryCalculator\MyForm.h(4807,1): warning C4965: неявная упаковка целого числа 0; используйте nullptr или явное приведение типов
D:\Users\Admin\Desktop\C++\SatisfactoryCalculator\SatisfactoryCalculator\MyForm.h(4819,1): warning C4965: неявная упаковка целого числа 0; используйте nullptr или явное приведение типов
D:\Users\Admin\Desktop\C++\SatisfactoryCalculator\SatisfactoryCalculator\MyForm.h(4831,1): warning C4965: неявная упаковка целого числа 0; используйте nullptr или явное приведение типов
D:\Users\Admin\Desktop\C++\SatisfactoryCalculator\SatisfactoryCalculator\MyForm.h(4843,1): warning C4965: неявная упаковка целого числа 0; используйте nullptr или явное приведение типов
D:\Users\Admin\Desktop\C++\SatisfactoryCalculator\SatisfactoryCalculator\MyForm.h(4855,1): warning C4965: неявная упаковка целого числа 0; используйте nullptr или явное приведение типов
D:\Users\Admin\Desktop\C++\SatisfactoryCalculator\SatisfactoryCalculator\MyForm.h(4867,1): warning C4965: неявная упаковка целого числа 0; используйте nullptr или явное приведение типов
D:\Users\Admin\Desktop\C++\SatisfactoryCalculator\SatisfactoryCalculator\MyForm.h(4879,1): warning C4965: неявная упаковка целого числа 0; используйте nullptr или явное приведение типов
D:\Users\Admin\Desktop\C++\SatisfactoryCalculator\SatisfactoryCalculator\MyForm.h(4891,1): warning C4965: неявная упаковка целого числа 0; используйте nullptr или явное приведение типов
D:\Users\Admin\Desktop\C++\SatisfactoryCalculator\SatisfactoryCalculator\MyForm.h(4909,1): warning C4965: неявная упаковка целого числа 0; используйте nullptr или явное приведение типов
D:\Users\Admin\Desktop\C++\SatisfactoryCalculator\SatisfactoryCalculator\MyForm.h(4921,1): warning C4965: неявная упаковка целого числа 0; используйте nullptr или явное приведение типов
D:\Users\Admin\Desktop\C++\SatisfactoryCalculator\SatisfactoryCalculator\MyForm.h(4933,1): warning C4965: неявная упаковка целого числа 0; используйте nullptr или явное приведение типов
D:\Users\Admin\Desktop\C++\SatisfactoryCalculator\SatisfactoryCalculator\MyForm.h(4945,1): warning C4965: неявная упаковка целого числа 0; используйте nullptr или явное приведение типов
D:\Users\Admin\Desktop\C++\SatisfactoryCalculator\SatisfactoryCalculator\MyForm.h(4957,1): warning C4965: неявная упаковка целого числа 0; используйте nullptr или явное приведение типов
D:\Users\Admin\Desktop\C++\SatisfactoryCalculator\SatisfactoryCalculator\MyForm.h(4969,1): warning C4965: неявная упаковка целого числа 0; используйте nullptr или явное приведение типов
D:\Users\Admin\Desktop\C++\SatisfactoryCalculator\SatisfactoryCalculator\MyForm.h(4981,1): warning C4965: неявная упаковка целого числа 0; используйте nullptr или явное приведение типов
D:\Users\Admin\Desktop\C++\SatisfactoryCalculator\SatisfactoryCalculator\MyForm.h(4993,1): warning C4965: неявная упаковка целого числа 0; используйте nullptr или явное приведение типов
D:\Users\Admin\Desktop\C++\SatisfactoryCalculator\SatisfactoryCalculator\MyForm.h(5005,1): warning C4965: неявная упаковка целого числа 0; используйте nullptr или явное приведение типов
D:\Users\Admin\Desktop\C++\SatisfactoryCalculator\SatisfactoryCalculator\MyForm.h(5017,1): warning C4965: неявная упаковка целого числа 0; используйте nullptr или явное приведение типов
D:\Users\Admin\Desktop\C++\SatisfactoryCalculator\SatisfactoryCalculator\MyForm.h(5029,1): warning C4965: неявная упаковка целого числа 0; используйте nullptr или явное приведение типов
D:\Users\Admin\Desktop\C++\SatisfactoryCalculator\SatisfactoryCalculator\MyForm.h(5041,1): warning C4965: неявная упаковка целого числа 0; используйте nullptr или явное приведение типов
D:\Users\Admin\Desktop\C++\SatisfactoryCalculator\SatisfactoryCalculator\MyForm.h(5053,1): warning C4965: неявная упаковка целого числа 0; используйте nullptr или явное приведение типов
D:\Users\Admin\Desktop\C++\SatisfactoryCalculator\SatisfactoryCalculator\MyForm.h(5065,1): warning C4965: неявная упаковка целого числа 0; используйте nullptr или явное приведение типов
D:\Users\Admin\Desktop\C++\SatisfactoryCalculator\SatisfactoryCalculator\MyForm.h(5077,1): warning C4965: неявная упаковка целого числа 0; используйте nullptr или явное приведение типов
D:\Users\Admin\Desktop\C++\SatisfactoryCalculator\SatisfactoryCalculator\MyForm.h(5089,1): warning C4965: неявная упаковка целого числа 0; используйте nullptr или явное приведение типов
D:\Users\Admin\Desktop\C++\SatisfactoryCalculator\SatisfactoryCalculator\MyForm.h(5101,1): warning C4965: неявная упаковка целого числа 0; используйте nullptr или явное приведение типов
D:\Users\Admin\Desktop\C++\SatisfactoryCalculator\SatisfactoryCalculator\MyForm.h(5119,1): warning C4965: неявная упаковка целого числа 0; используйте nullptr или явное приведение типов
D:\Users\Admin\Desktop\C++\SatisfactoryCalculator\SatisfactoryCalculator\MyForm.h(5131,1): warning C4965: неявная упаковка целого числа 0; используйте nullptr или явное приведение типов
D:\Users\Admin\Desktop\C++\SatisfactoryCalculator\SatisfactoryCalculator\MyForm.h(5143,1): warning C4965: неявная упаковка целого числа 0; используйте nullptr или явное приведение типов
D:\Users\Admin\Desktop\C++\SatisfactoryCalculator\SatisfactoryCalculator\MyForm.h(5155,1): warning C4965: неявная упаковка целого числа 0; используйте nullptr или явное приведение типов
D:\Users\Admin\Desktop\C++\SatisfactoryCalculator\SatisfactoryCalculator\MyForm.h(5167,1): warning C4965: неявная упаковка целого числа 0; используйте nullptr или явное приведение типов
D:\Users\Admin\Desktop\C++\SatisfactoryCalculator\SatisfactoryCalculator\MyForm.h(5179,1): warning C4965: неявная упаковка целого числа 0; используйте nullptr или явное приведение типов
D:\Users\Admin\Desktop\C++\SatisfactoryCalculator\SatisfactoryCalculator\MyForm.cpp(5,33): warning C4829: Возможно, неправильные параметры функции main. Рекомендуемый вариант - "int main(Platform::Array<Platform::String^>^ argv)"
  MyForm.obj : обнаружен модуль MSIL; для MSIL последовательная компоновка отключена; выполняется полная компоновка
  SatisfactoryCalculator.vcxproj -> D:\Users\Admin\Desktop\C++\SatisfactoryCalculator\Debug\SatisfactoryCalculator.exe
