  MyForm.cpp
D:\Users\Admin\Desktop\C++\SatisfactoryCalculator\SatisfactoryCalculator\MyForm.h(4083,1): warning C4965: неявная упаковка целого числа 0; используйте nullptr или явное приведение типов
D:\Users\Admin\Desktop\C++\SatisfactoryCalculator\SatisfactoryCalculator\MyForm.h(4095,1): warning C4965: неявная упаковка целого числа 0; используйте nullptr или явное приведение типов
D:\Users\Admin\Desktop\C++\SatisfactoryCalculator\SatisfactoryCalculator\MyForm.h(4107,1): warning C4965: неявная упаковка целого числа 0; используйте nullptr или явное приведение типов
D:\Users\Admin\Desktop\C++\SatisfactoryCalculator\SatisfactoryCalculator\MyForm.h(4119,1): warning C4965: неявная упаковка целого числа 0; используйте nullptr или явное приведение типов
D:\Users\Admin\Desktop\C++\SatisfactoryCalculator\SatisfactoryCalculator\MyForm.h(4131,1): warning C4965: неявная упаковка целого числа 0; используйте nullptr или явное приведение типов
D:\Users\Admin\Desktop\C++\SatisfactoryCalculator\SatisfactoryCalculator\MyForm.h(4143,1): warning C4965: неявная упаковка целого числа 0; используйте nullptr или явное приведение типов
D:\Users\Admin\Desktop\C++\SatisfactoryCalculator\SatisfactoryCalculator\MyForm.h(4155,1): warning C4965: неявная упаковка целого числа 0; используйте nullptr или явное приведение типов
D:\Users\Admin\Desktop\C++\SatisfactoryCalculator\SatisfactoryCalculator\MyForm.h(4167,1): warning C4965: неявная упаковка целого числа 0; используйте nullptr или явное приведение типов
D:\Users\Admin\Desktop\C++\SatisfactoryCalculator\SatisfactoryCalculator\MyForm.h(4179,1): warning C4965: неявная упаковка целого числа 0; используйте nullptr или явное приведение типов
D:\Users\Admin\Desktop\C++\SatisfactoryCalculator\SatisfactoryCalculator\MyForm.h(4191,1): warning C4965: неявная упаковка целого числа 0; используйте nullptr или явное приведение типов
D:\Users\Admin\Desktop\C++\SatisfactoryCalculator\SatisfactoryCalculator\MyForm.h(4203,1): warning C4965: неявная упаковка целого числа 0; используйте nullptr или явное приведение типов
D:\Users\Admin\Desktop\C++\SatisfactoryCalculator\SatisfactoryCalculator\MyForm.h(4215,1): warning C4965: неявная упаковка целого числа 0; используйте nullptr или явное приведение типов
D:\Users\Admin\Desktop\C++\SatisfactoryCalculator\SatisfactoryCalculator\MyForm.h(4227,1): warning C4965: неявная упаковка целого числа 0; используйте nullptr или явное приведение типов
D:\Users\Admin\Desktop\C++\SatisfactoryCalculator\SatisfactoryCalculator\MyForm.h(4239,1): warning C4965: неявная упаковка целого числа 0; используйте nullptr или явное приведение типов
D:\Users\Admin\Desktop\C++\SatisfactoryCalculator\SatisfactoryCalculator\MyForm.h(4251,1): warning C4965: неявная упаковка целого числа 0; используйте nullptr или явное приведение типов
D:\Users\Admin\Desktop\C++\SatisfactoryCalculator\SatisfactoryCalculator\MyForm.h(4263,1): warning C4965: неявная упаковка целого числа 0; используйте nullptr или явное приведение типов
D:\Users\Admin\Desktop\C++\SatisfactoryCalculator\SatisfactoryCalculator\MyForm.h(4275,1): warning C4965: неявная упаковка целого числа 0; используйте nullptr или явное приведение типов
D:\Users\Admin\Desktop\C++\SatisfactoryCalculator\SatisfactoryCalculator\MyForm.h(4287,1): warning C4965: неявная упаковка целого числа 0; используйте nullptr или явное приведение типов
D:\Users\Admin\Desktop\C++\SatisfactoryCalculator\SatisfactoryCalculator\MyForm.h(4299,1): warning C4965: неявная упаковка целого числа 0; используйте nullptr или явное приведение типов
D:\Users\Admin\Desktop\C++\SatisfactoryCalculator\SatisfactoryCalculator\MyForm.h(4311,1): warning C4965: неявная упаковка целого числа 0; используйте nullptr или явное приведение типов
D:\Users\Admin\Desktop\C++\SatisfactoryCalculator\SatisfactoryCalculator\MyForm.h(4323,1): warning C4965: неявная упаковка целого числа 0; используйте nullptr или явное приведение типов
D:\Users\Admin\Desktop\C++\SatisfactoryCalculator\SatisfactoryCalculator\MyForm.h(4335,1): warning C4965: неявная упаковка целого числа 0; используйте nullptr или явное приведение типов
D:\Users\Admin\Desktop\C++\SatisfactoryCalculator\SatisfactoryCalculator\MyForm.h(4347,1): warning C4965: неявная упаковка целого числа 0; используйте nullptr или явное приведение типов
D:\Users\Admin\Desktop\C++\SatisfactoryCalculator\SatisfactoryCalculator\MyForm.h(4359,1): warning C4965: неявная упаковка целого числа 0; используйте nullptr или явное приведение типов
D:\Users\Admin\Desktop\C++\SatisfactoryCalculator\SatisfactoryCalculator\MyForm.h(4371,1): warning C4965: неявная упаковка целого числа 0; используйте nullptr или явное приведение типов
D:\Users\Admin\Desktop\C++\SatisfactoryCalculator\SatisfactoryCalculator\MyForm.h(4383,1): warning C4965: неявная упаковка целого числа 0; используйте nullptr или явное приведение типов
D:\Users\Admin\Desktop\C++\SatisfactoryCalculator\SatisfactoryCalculator\MyForm.h(4395,1): warning C4965: неявная упаковка целого числа 0; используйте nullptr или явное приведение типов
D:\Users\Admin\Desktop\C++\SatisfactoryCalculator\SatisfactoryCalculator\MyForm.h(4407,1): warning C4965: неявная упаковка целого числа 0; используйте nullptr или явное приведение типов
D:\Users\Admin\Desktop\C++\SatisfactoryCalculator\SatisfactoryCalculator\MyForm.h(4419,1): warning C4965: неявная упаковка целого числа 0; используйте nullptr или явное приведение типов
D:\Users\Admin\Desktop\C++\SatisfactoryCalculator\SatisfactoryCalculator\MyForm.h(4431,1): warning C4965: неявная упаковка целого числа 0; используйте nullptr или явное приведение типов
D:\Users\Admin\Desktop\C++\SatisfactoryCalculator\SatisfactoryCalculator\MyForm.h(4443,1): warning C4965: неявная упаковка целого числа 0; используйте nullptr или явное приведение типов
D:\Users\Admin\Desktop\C++\SatisfactoryCalculator\SatisfactoryCalculator\MyForm.h(4455,1): warning C4965: неявная упаковка целого числа 0; используйте nullptr или явное приведение типов
D:\Users\Admin\Desktop\C++\SatisfactoryCalculator\SatisfactoryCalculator\MyForm.h(4467,1): warning C4965: неявная упаковка целого числа 0; используйте nullptr или явное приведение типов
D:\Users\Admin\Desktop\C++\SatisfactoryCalculator\SatisfactoryCalculator\MyForm.h(4479,1): warning C4965: неявная упаковка целого числа 0; используйте nullptr или явное приведение типов
D:\Users\Admin\Desktop\C++\SatisfactoryCalculator\SatisfactoryCalculator\MyForm.h(4491,1): warning C4965: неявная упаковка целого числа 0; используйте nullptr или явное приведение типов
D:\Users\Admin\Desktop\C++\SatisfactoryCalculator\SatisfactoryCalculator\MyForm.h(4503,1): warning C4965: неявная упаковка целого числа 0; используйте nullptr или явное приведение типов
D:\Users\Admin\Desktop\C++\SatisfactoryCalculator\SatisfactoryCalculator\MyForm.h(4515,1): warning C4965: неявная упаковка целого числа 0; используйте nullptr или явное приведение типов
D:\Users\Admin\Desktop\C++\SatisfactoryCalculator\SatisfactoryCalculator\MyForm.h(4527,1): warning C4965: неявная упаковка целого числа 0; используйте nullptr или явное приведение типов
D:\Users\Admin\Desktop\C++\SatisfactoryCalculator\SatisfactoryCalculator\MyForm.h(4539,1): warning C4965: неявная упаковка целого числа 0; используйте nullptr или явное приведение типов
D:\Users\Admin\Desktop\C++\SatisfactoryCalculator\SatisfactoryCalculator\MyForm.h(4551,1): warning C4965: неявная упаковка целого числа 0; используйте nullptr или явное приведение типов
D:\Users\Admin\Desktop\C++\SatisfactoryCalculator\SatisfactoryCalculator\MyForm.h(4563,1): warning C4965: неявная упаковка целого числа 0; используйте nullptr или явное приведение типов
D:\Users\Admin\Desktop\C++\SatisfactoryCalculator\SatisfactoryCalculator\MyForm.h(4581,1): warning C4965: неявная упаковка целого числа 0; используйте nullptr или явное приведение типов
D:\Users\Admin\Desktop\C++\SatisfactoryCalculator\SatisfactoryCalculator\MyForm.h(4593,1): warning C4965: неявная упаковка целого числа 0; используйте nullptr или явное приведение типов
D:\Users\Admin\Desktop\C++\SatisfactoryCalculator\SatisfactoryCalculator\MyForm.h(4605,1): warning C4965: неявная упаковка целого числа 0; используйте nullptr или явное приведение типов
D:\Users\Admin\Desktop\C++\SatisfactoryCalculator\SatisfactoryCalculator\MyForm.h(4617,1): warning C4965: неявная упаковка целого числа 0; используйте nullptr или явное приведение типов
D:\Users\Admin\Desktop\C++\SatisfactoryCalculator\SatisfactoryCalculator\MyForm.h(4629,1): warning C4965: неявная упаковка целого числа 0; используйте nullptr или явное приведение типов
D:\Users\Admin\Desktop\C++\SatisfactoryCalculator\SatisfactoryCalculator\MyForm.h(4641,1): warning C4965: неявная упаковка целого числа 0; используйте nullptr или явное приведение типов
D:\Users\Admin\Desktop\C++\SatisfactoryCalculator\SatisfactoryCalculator\MyForm.h(4653,1): warning C4965: неявная упаковка целого числа 0; используйте nullptr или явное приведение типов
D:\Users\Admin\Desktop\C++\SatisfactoryCalculator\SatisfactoryCalculator\MyForm.h(4665,1): warning C4965: неявная упаковка целого числа 0; используйте nullptr или явное приведение типов
D:\Users\Admin\Desktop\C++\SatisfactoryCalculator\SatisfactoryCalculator\MyForm.h(4677,1): warning C4965: неявная упаковка целого числа 0; используйте nullptr или явное приведение типов
D:\Users\Admin\Desktop\C++\SatisfactoryCalculator\SatisfactoryCalculator\MyForm.h(4689,1): warning C4965: неявная упаковка целого числа 0; используйте nullptr или явное приведение типов
D:\Users\Admin\Desktop\C++\SatisfactoryCalculator\SatisfactoryCalculator\MyForm.h(4701,1): warning C4965: неявная упаковка целого числа 0; используйте nullptr или явное приведение типов
D:\Users\Admin\Desktop\C++\SatisfactoryCalculator\SatisfactoryCalculator\MyForm.h(4713,1): warning C4965: неявная упаковка целого числа 0; используйте nullptr или явное приведение типов
D:\Users\Admin\Desktop\C++\SatisfactoryCalculator\SatisfactoryCalculator\MyForm.h(4725,1): warning C4965: неявная упаковка целого числа 0; используйте nullptr или явное приведение типов
D:\Users\Admin\Desktop\C++\SatisfactoryCalculator\SatisfactoryCalculator\MyForm.h(4737,1): warning C4965: неявная упаковка целого числа 0; используйте nullptr или явное приведение типов
D:\Users\Admin\Desktop\C++\SatisfactoryCalculator\SatisfactoryCalculator\MyForm.h(4749,1): warning C4965: неявная упаковка целого числа 0; используйте nullptr или явное приведение типов
D:\Users\Admin\Desktop\C++\SatisfactoryCalculator\SatisfactoryCalculator\MyForm.h(4761,1): warning C4965: неявная упаковка целого числа 0; используйте nullptr или явное приведение типов
D:\Users\Admin\Desktop\C++\SatisfactoryCalculator\SatisfactoryCalculator\MyForm.h(4773,1): warning C4965: неявная упаковка целого числа 0; используйте nullptr или явное приведение типов
D:\Users\Admin\Desktop\C++\SatisfactoryCalculator\SatisfactoryCalculator\MyForm.h(4785,1): warning C4965: неявная упаковка целого числа 0; используйте nullptr или явное приведение типов
D:\Users\Admin\Desktop\C++\SatisfactoryCalculator\SatisfactoryCalculator\MyForm.h(4797,1): warning C4965: неявная упаковка целого числа 0; используйте nullptr или явное приведение типов
D:\Users\Admin\Desktop\C++\SatisfactoryCalculator\SatisfactoryCalculator\MyForm.h(4809,1): warning C4965: неявная упаковка целого числа 0; используйте nullptr или явное приведение типов
D:\Users\Admin\Desktop\C++\SatisfactoryCalculator\SatisfactoryCalculator\MyForm.h(4821,1): warning C4965: неявная упаковка целого числа 0; используйте nullptr или явное приведение типов
D:\Users\Admin\Desktop\C++\SatisfactoryCalculator\SatisfactoryCalculator\MyForm.h(4833,1): warning C4965: неявная упаковка целого числа 0; используйте nullptr или явное приведение типов
D:\Users\Admin\Desktop\C++\SatisfactoryCalculator\SatisfactoryCalculator\MyForm.h(4845,1): warning C4965: неявная упаковка целого числа 0; используйте nullptr или явное приведение типов
D:\Users\Admin\Desktop\C++\SatisfactoryCalculator\SatisfactoryCalculator\MyForm.h(4857,1): warning C4965: неявная упаковка целого числа 0; используйте nullptr или явное приведение типов
D:\Users\Admin\Desktop\C++\SatisfactoryCalculator\SatisfactoryCalculator\MyForm.h(4869,1): warning C4965: неявная упаковка целого числа 0; используйте nullptr или явное приведение типов
D:\Users\Admin\Desktop\C++\SatisfactoryCalculator\SatisfactoryCalculator\MyForm.h(4881,1): warning C4965: неявная упаковка целого числа 0; используйте nullptr или явное приведение типов
D:\Users\Admin\Desktop\C++\SatisfactoryCalculator\SatisfactoryCalculator\MyForm.h(4893,1): warning C4965: неявная упаковка целого числа 0; используйте nullptr или явное приведение типов
D:\Users\Admin\Desktop\C++\SatisfactoryCalculator\SatisfactoryCalculator\MyForm.h(4905,1): warning C4965: неявная упаковка целого числа 0; используйте nullptr или явное приведение типов
D:\Users\Admin\Desktop\C++\SatisfactoryCalculator\SatisfactoryCalculator\MyForm.h(4917,1): warning C4965: неявная упаковка целого числа 0; используйте nullptr или явное приведение типов
D:\Users\Admin\Desktop\C++\SatisfactoryCalculator\SatisfactoryCalculator\MyForm.h(4929,1): warning C4965: неявная упаковка целого числа 0; используйте nullptr или явное приведение типов
D:\Users\Admin\Desktop\C++\SatisfactoryCalculator\SatisfactoryCalculator\MyForm.h(4941,1): warning C4965: неявная упаковка целого числа 0; используйте nullptr или явное приведение типов
D:\Users\Admin\Desktop\C++\SatisfactoryCalculator\SatisfactoryCalculator\MyForm.h(4953,1): warning C4965: неявная упаковка целого числа 0; используйте nullptr или явное приведение типов
D:\Users\Admin\Desktop\C++\SatisfactoryCalculator\SatisfactoryCalculator\MyForm.h(4965,1): warning C4965: неявная упаковка целого числа 0; используйте nullptr или явное приведение типов
D:\Users\Admin\Desktop\C++\SatisfactoryCalculator\SatisfactoryCalculator\MyForm.h(4977,1): warning C4965: неявная упаковка целого числа 0; используйте nullptr или явное приведение типов
D:\Users\Admin\Desktop\C++\SatisfactoryCalculator\SatisfactoryCalculator\MyForm.h(4989,1): warning C4965: неявная упаковка целого числа 0; используйте nullptr или явное приведение типов
D:\Users\Admin\Desktop\C++\SatisfactoryCalculator\SatisfactoryCalculator\MyForm.h(5001,1): warning C4965: неявная упаковка целого числа 0; используйте nullptr или явное приведение типов
D:\Users\Admin\Desktop\C++\SatisfactoryCalculator\SatisfactoryCalculator\MyForm.h(5013,1): warning C4965: неявная упаковка целого числа 0; используйте nullptr или явное приведение типов
D:\Users\Admin\Desktop\C++\SatisfactoryCalculator\SatisfactoryCalculator\MyForm.h(5025,1): warning C4965: неявная упаковка целого числа 0; используйте nullptr или явное приведение типов
D:\Users\Admin\Desktop\C++\SatisfactoryCalculator\SatisfactoryCalculator\MyForm.h(5037,1): warning C4965: неявная упаковка целого числа 0; используйте nullptr или явное приведение типов
D:\Users\Admin\Desktop\C++\SatisfactoryCalculator\SatisfactoryCalculator\MyForm.h(5049,1): warning C4965: неявная упаковка целого числа 0; используйте nullptr или явное приведение типов
D:\Users\Admin\Desktop\C++\SatisfactoryCalculator\SatisfactoryCalculator\MyForm.h(5061,1): warning C4965: неявная упаковка целого числа 0; используйте nullptr или явное приведение типов
D:\Users\Admin\Desktop\C++\SatisfactoryCalculator\SatisfactoryCalculator\MyForm.h(5079,1): warning C4965: неявная упаковка целого числа 0; используйте nullptr или явное приведение типов
D:\Users\Admin\Desktop\C++\SatisfactoryCalculator\SatisfactoryCalculator\MyForm.h(5091,1): warning C4965: неявная упаковка целого числа 0; используйте nullptr или явное приведение типов
D:\Users\Admin\Desktop\C++\SatisfactoryCalculator\SatisfactoryCalculator\MyForm.h(5103,1): warning C4965: неявная упаковка целого числа 0; используйте nullptr или явное приведение типов
D:\Users\Admin\Desktop\C++\SatisfactoryCalculator\SatisfactoryCalculator\MyForm.h(5115,1): warning C4965: неявная упаковка целого числа 0; используйте nullptr или явное приведение типов
D:\Users\Admin\Desktop\C++\SatisfactoryCalculator\SatisfactoryCalculator\MyForm.h(5127,1): warning C4965: неявная упаковка целого числа 0; используйте nullptr или явное приведение типов
D:\Users\Admin\Desktop\C++\SatisfactoryCalculator\SatisfactoryCalculator\MyForm.h(5139,1): warning C4965: неявная упаковка целого числа 0; используйте nullptr или явное приведение типов
D:\Users\Admin\Desktop\C++\SatisfactoryCalculator\SatisfactoryCalculator\MyForm.h(5151,1): warning C4965: неявная упаковка целого числа 0; используйте nullptr или явное приведение типов
D:\Users\Admin\Desktop\C++\SatisfactoryCalculator\SatisfactoryCalculator\MyForm.h(5163,1): warning C4965: неявная упаковка целого числа 0; используйте nullptr или явное приведение типов
D:\Users\Admin\Desktop\C++\SatisfactoryCalculator\SatisfactoryCalculator\MyForm.h(5175,1): warning C4965: неявная упаковка целого числа 0; используйте nullptr или явное приведение типов
D:\Users\Admin\Desktop\C++\SatisfactoryCalculator\SatisfactoryCalculator\MyForm.h(5187,1): warning C4965: неявная упаковка целого числа 0; используйте nullptr или явное приведение типов
D:\Users\Admin\Desktop\C++\SatisfactoryCalculator\SatisfactoryCalculator\MyForm.h(5199,1): warning C4965: неявная упаковка целого числа 0; используйте nullptr или явное приведение типов
D:\Users\Admin\Desktop\C++\SatisfactoryCalculator\SatisfactoryCalculator\MyForm.h(5211,1): warning C4965: неявная упаковка целого числа 0; используйте nullptr или явное приведение типов
D:\Users\Admin\Desktop\C++\SatisfactoryCalculator\SatisfactoryCalculator\MyForm.h(5223,1): warning C4965: неявная упаковка целого числа 0; используйте nullptr или явное приведение типов
D:\Users\Admin\Desktop\C++\SatisfactoryCalculator\SatisfactoryCalculator\MyForm.h(5235,1): warning C4965: неявная упаковка целого числа 0; используйте nullptr или явное приведение типов
D:\Users\Admin\Desktop\C++\SatisfactoryCalculator\SatisfactoryCalculator\MyForm.h(5247,1): warning C4965: неявная упаковка целого числа 0; используйте nullptr или явное приведение типов
D:\Users\Admin\Desktop\C++\SatisfactoryCalculator\SatisfactoryCalculator\MyForm.h(5259,1): warning C4965: неявная упаковка целого числа 0; используйте nullptr или явное приведение типов
D:\Users\Admin\Desktop\C++\SatisfactoryCalculator\SatisfactoryCalculator\MyForm.h(5271,1): warning C4965: неявная упаковка целого числа 0; используйте nullptr или явное приведение типов
D:\Users\Admin\Desktop\C++\SatisfactoryCalculator\SatisfactoryCalculator\MyForm.h(5289,1): warning C4965: неявная упаковка целого числа 0; используйте nullptr или явное приведение типов
D:\Users\Admin\Desktop\C++\SatisfactoryCalculator\SatisfactoryCalculator\MyForm.h(5301,1): warning C4965: неявная упаковка целого числа 0; используйте nullptr или явное приведение типов
D:\Users\Admin\Desktop\C++\SatisfactoryCalculator\SatisfactoryCalculator\MyForm.h(5313,1): warning C4965: неявная упаковка целого числа 0; используйте nullptr или явное приведение типов
D:\Users\Admin\Desktop\C++\SatisfactoryCalculator\SatisfactoryCalculator\MyForm.h(5325,1): warning C4965: неявная упаковка целого числа 0; используйте nullptr или явное приведение типов
D:\Users\Admin\Desktop\C++\SatisfactoryCalculator\SatisfactoryCalculator\MyForm.h(5337,1): warning C4965: неявная упаковка целого числа 0; используйте nullptr или явное приведение типов
D:\Users\Admin\Desktop\C++\SatisfactoryCalculator\SatisfactoryCalculator\MyForm.h(5349,1): warning C4965: неявная упаковка целого числа 0; используйте nullptr или явное приведение типов
D:\Users\Admin\Desktop\C++\SatisfactoryCalculator\SatisfactoryCalculator\MyForm.cpp(5,33): warning C4829: Возможно, неправильные параметры функции main. Рекомендуемый вариант - "int main(Platform::Array<Platform::String^>^ argv)"
  MyForm.obj : обнаружен модуль MSIL; для MSIL последовательная компоновка отключена; выполняется полная компоновка
  SatisfactoryCalculator.vcxproj -> D:\Users\Admin\Desktop\C++\SatisfactoryCalculator\Release\SatisfactoryCalculator.exe
